{"I:\\Softek\\backend-node-aws\\src\\application\\handlers\\filmHandler.ts": {"path":"I:\\Softek\\backend-node-aws\\src\\application\\handlers\\filmHandler.ts","statementMap":{"0":{"start":{"line":2,"column":0},"end":{"line":2,"column":58}},"1":{"start":{"line":3,"column":0},"end":{"line":3,"column":83}},"2":{"start":{"line":4,"column":0},"end":{"line":4,"column":79}},"3":{"start":{"line":6,"column":23},"end":{"line":6,"column":39}},"4":{"start":{"line":8,"column":61},"end":{"line":23,"column":1}},"5":{"start":{"line":9,"column":2},"end":{"line":22,"column":3}},"6":{"start":{"line":10,"column":24},"end":{"line":10,"column":59}},"7":{"start":{"line":11,"column":4},"end":{"line":15,"column":null}},"8":{"start":{"line":17,"column":4},"end":{"line":17,"column":null}},"9":{"start":{"line":18,"column":4},"end":{"line":21,"column":null}},"10":{"start":{"line":8,"column":13},"end":{"line":8,"column":61}},"11":{"start":{"line":25,"column":68},"end":{"line":59,"column":1}},"12":{"start":{"line":28,"column":2},"end":{"line":58,"column":3}},"13":{"start":{"line":29,"column":18},"end":{"line":29,"column":53}},"14":{"start":{"line":30,"column":4},"end":{"line":36,"column":5}},"15":{"start":{"line":31,"column":6},"end":{"line":35,"column":null}},"16":{"start":{"line":38,"column":24},"end":{"line":38,"column":77}},"17":{"start":{"line":40,"column":4},"end":{"line":46,"column":5}},"18":{"start":{"line":41,"column":6},"end":{"line":45,"column":null}},"19":{"start":{"line":47,"column":4},"end":{"line":51,"column":null}},"20":{"start":{"line":53,"column":4},"end":{"line":53,"column":null}},"21":{"start":{"line":54,"column":4},"end":{"line":57,"column":null}},"22":{"start":{"line":25,"column":13},"end":{"line":25,"column":68}}},"fnMap":{"0":{"name":"(anonymous_0)","decl":{"start":{"line":8,"column":61},"end":{"line":8,"column":66}},"loc":{"start":{"line":8,"column":72},"end":{"line":23,"column":1}}},"1":{"name":"(anonymous_1)","decl":{"start":{"line":25,"column":68},"end":{"line":25,"column":73}},"loc":{"start":{"line":27,"column":4},"end":{"line":59,"column":1}}}},"branchMap":{"0":{"loc":{"start":{"line":30,"column":4},"end":{"line":36,"column":5}},"type":"if","locations":[{"start":{"line":30,"column":4},"end":{"line":36,"column":5}}]},"1":{"loc":{"start":{"line":40,"column":4},"end":{"line":46,"column":5}},"type":"if","locations":[{"start":{"line":40,"column":4},"end":{"line":46,"column":5}}]}},"s":{"0":0,"1":0,"2":0,"3":0,"4":0,"5":0,"6":0,"7":0,"8":0,"9":0,"10":0,"11":0,"12":0,"13":0,"14":0,"15":0,"16":0,"17":0,"18":0,"19":0,"20":0,"21":0,"22":0},"f":{"0":0,"1":0},"b":{"0":[0],"1":[0]}}
,"I:\\Softek\\backend-node-aws\\src\\application\\mappers\\swapiFilmMapper.ts": {"path":"I:\\Softek\\backend-node-aws\\src\\application\\mappers\\swapiFilmMapper.ts","statementMap":{"0":{"start":{"line":3,"column":34},"end":{"line":17,"column":1}},"1":{"start":{"line":4,"column":2},"end":{"line":16,"column":null}},"2":{"start":{"line":3,"column":13},"end":{"line":3,"column":34}}},"fnMap":{"0":{"name":"(anonymous_0)","decl":{"start":{"line":3,"column":34},"end":{"line":3,"column":35}},"loc":{"start":{"line":3,"column":59},"end":{"line":17,"column":1}}}},"branchMap":{"0":{"loc":{"start":{"line":11,"column":16},"end":{"line":11,"column":37}},"type":"binary-expr","locations":[{"start":{"line":11,"column":16},"end":{"line":11,"column":31}},{"start":{"line":11,"column":35},"end":{"line":11,"column":37}}]},"1":{"loc":{"start":{"line":12,"column":14},"end":{"line":12,"column":32}},"type":"binary-expr","locations":[{"start":{"line":12,"column":14},"end":{"line":12,"column":26}},{"start":{"line":12,"column":30},"end":{"line":12,"column":32}}]},"2":{"loc":{"start":{"line":13,"column":21},"end":{"line":13,"column":41}},"type":"binary-expr","locations":[{"start":{"line":13,"column":21},"end":{"line":13,"column":35}},{"start":{"line":13,"column":39},"end":{"line":13,"column":41}}]},"3":{"loc":{"start":{"line":14,"column":15},"end":{"line":14,"column":34}},"type":"binary-expr","locations":[{"start":{"line":14,"column":15},"end":{"line":14,"column":28}},{"start":{"line":14,"column":32},"end":{"line":14,"column":34}}]},"4":{"loc":{"start":{"line":15,"column":14},"end":{"line":15,"column":32}},"type":"binary-expr","locations":[{"start":{"line":15,"column":14},"end":{"line":15,"column":26}},{"start":{"line":15,"column":30},"end":{"line":15,"column":32}}]}},"s":{"0":0,"1":0,"2":0},"f":{"0":0},"b":{"0":[0,0],"1":[0,0],"2":[0,0],"3":[0,0],"4":[0,0]}}
,"I:\\Softek\\backend-node-aws\\src\\application\\mappers\\tmdbFilmMapper.ts": {"path":"I:\\Softek\\backend-node-aws\\src\\application\\mappers\\tmdbFilmMapper.ts","statementMap":{"0":{"start":{"line":3,"column":33},"end":{"line":14,"column":1}},"1":{"start":{"line":4,"column":2},"end":{"line":13,"column":null}},"2":{"start":{"line":3,"column":13},"end":{"line":3,"column":33}}},"fnMap":{"0":{"name":"(anonymous_0)","decl":{"start":{"line":3,"column":33},"end":{"line":3,"column":34}},"loc":{"start":{"line":3,"column":57},"end":{"line":14,"column":1}}}},"branchMap":{},"s":{"0":0,"1":0,"2":0},"f":{"0":0},"b":{}}
,"I:\\Softek\\backend-node-aws\\src\\application\\services\\filmService.ts": {"path":"I:\\Softek\\backend-node-aws\\src\\application\\services\\filmService.ts","statementMap":{"0":{"start":{"line":4,"column":37},"end":{"line":18,"column":1}},"1":{"start":{"line":11,"column":2},"end":{"line":17,"column":3}},"2":{"start":{"line":12,"column":19},"end":{"line":12,"column":59}},"3":{"start":{"line":13,"column":4},"end":{"line":13,"column":null}},"4":{"start":{"line":15,"column":4},"end":{"line":15,"column":null}},"5":{"start":{"line":16,"column":4},"end":{"line":16,"column":null}},"6":{"start":{"line":4,"column":13},"end":{"line":4,"column":37}}},"fnMap":{"0":{"name":"(anonymous_0)","decl":{"start":{"line":4,"column":37},"end":{"line":4,"column":42}},"loc":{"start":{"line":10,"column":5},"end":{"line":18,"column":1}}}},"branchMap":{},"s":{"0":0,"1":0,"2":0,"3":0,"4":0,"5":0,"6":0},"f":{"0":0},"b":{}}
,"I:\\Softek\\backend-node-aws\\src\\application\\usecases\\findFilmsByTitleAndMerge.ts": {"path":"I:\\Softek\\backend-node-aws\\src\\application\\usecases\\findFilmsByTitleAndMerge.ts","statementMap":{"0":{"start":{"line":3,"column":0},"end":{"line":3,"column":83}},"1":{"start":{"line":4,"column":0},"end":{"line":4,"column":82}},"2":{"start":{"line":5,"column":0},"end":{"line":5,"column":64}},"3":{"start":{"line":6,"column":0},"end":{"line":6,"column":62}},"4":{"start":{"line":9,"column":0},"end":{"line":9,"column":64}},"5":{"start":{"line":10,"column":0},"end":{"line":10,"column":36}},"6":{"start":{"line":12,"column":40},"end":{"line":71,"column":1}},"7":{"start":{"line":16,"column":2},"end":{"line":70,"column":3}},"8":{"start":{"line":17,"column":23},"end":{"line":17,"column":61}},"9":{"start":{"line":18,"column":22},"end":{"line":18,"column":55}},"10":{"start":{"line":20,"column":4},"end":{"line":20,"column":44}},"11":{"start":{"line":21,"column":4},"end":{"line":21,"column":42}},"12":{"start":{"line":22,"column":4},"end":{"line":26,"column":5}},"13":{"start":{"line":23,"column":6},"end":{"line":25,"column":8}},"14":{"start":{"line":28,"column":29},"end":{"line":28,"column":63}},"15":{"start":{"line":29,"column":28},"end":{"line":29,"column":60}},"16":{"start":{"line":31,"column":38},"end":{"line":60,"column":null}},"17":{"start":{"line":33,"column":28},"end":{"line":35,"column":null}},"18":{"start":{"line":35,"column":10},"end":{"line":35,"column":79}},"19":{"start":{"line":37,"column":19},"end":{"line":37,"column":27}},"20":{"start":{"line":39,"column":8},"end":{"line":49,"column":9}},"21":{"start":{"line":40,"column":10},"end":{"line":48,"column":12}},"22":{"start":{"line":51,"column":8},"end":{"line":59,"column":10}},"23":{"start":{"line":64,"column":4},"end":{"line":64,"column":62}},"24":{"start":{"line":66,"column":4},"end":{"line":66,"column":23}},"25":{"start":{"line":68,"column":4},"end":{"line":68,"column":59}},"26":{"start":{"line":69,"column":4},"end":{"line":69,"column":54}},"27":{"start":{"line":12,"column":13},"end":{"line":12,"column":40}}},"fnMap":{"0":{"name":"(anonymous_0)","decl":{"start":{"line":12,"column":40},"end":{"line":12,"column":45}},"loc":{"start":{"line":15,"column":27},"end":{"line":71,"column":1}}},"1":{"name":"(anonymous_1)","decl":{"start":{"line":32,"column":6},"end":{"line":32,"column":7}},"loc":{"start":{"line":32,"column":34},"end":{"line":60,"column":7}}},"2":{"name":"(anonymous_2)","decl":{"start":{"line":33,"column":49},"end":{"line":33,"column":50}},"loc":{"start":{"line":35,"column":10},"end":{"line":35,"column":79}}}},"branchMap":{"0":{"loc":{"start":{"line":22,"column":4},"end":{"line":26,"column":5}},"type":"if","locations":[{"start":{"line":22,"column":4},"end":{"line":26,"column":5}}]},"1":{"loc":{"start":{"line":22,"column":8},"end":{"line":22,"column":47}},"type":"binary-expr","locations":[{"start":{"line":22,"column":8},"end":{"line":22,"column":26}},{"start":{"line":22,"column":30},"end":{"line":22,"column":47}}]},"2":{"loc":{"start":{"line":39,"column":8},"end":{"line":49,"column":9}},"type":"if","locations":[{"start":{"line":39,"column":8},"end":{"line":49,"column":9}}]}},"s":{"0":0,"1":0,"2":0,"3":0,"4":0,"5":0,"6":0,"7":0,"8":0,"9":0,"10":0,"11":0,"12":0,"13":0,"14":0,"15":0,"16":0,"17":0,"18":0,"19":0,"20":0,"21":0,"22":0,"23":0,"24":0,"25":0,"26":0,"27":0},"f":{"0":0,"1":0,"2":0},"b":{"0":[0],"1":[0,0],"2":[0]}}
,"I:\\Softek\\backend-node-aws\\src\\application\\usecases\\mergeFilmsData.ts": {"path":"I:\\Softek\\backend-node-aws\\src\\application\\usecases\\mergeFilmsData.ts","statementMap":{"0":{"start":{"line":5,"column":0},"end":{"line":5,"column":75}},"1":{"start":{"line":6,"column":0},"end":{"line":6,"column":81}},"2":{"start":{"line":7,"column":0},"end":{"line":7,"column":63}},"3":{"start":{"line":8,"column":0},"end":{"line":8,"column":61}},"4":{"start":{"line":9,"column":0},"end":{"line":9,"column":63}},"5":{"start":{"line":10,"column":0},"end":{"line":10,"column":35}},"6":{"start":{"line":12,"column":29},"end":{"line":63,"column":1}},"7":{"start":{"line":15,"column":2},"end":{"line":62,"column":3}},"8":{"start":{"line":16,"column":23},"end":{"line":16,"column":49}},"9":{"start":{"line":17,"column":22},"end":{"line":17,"column":55}},"10":{"start":{"line":19,"column":29},"end":{"line":19,"column":63}},"11":{"start":{"line":20,"column":28},"end":{"line":20,"column":60}},"12":{"start":{"line":22,"column":38},"end":{"line":52,"column":null}},"13":{"start":{"line":24,"column":28},"end":{"line":26,"column":null}},"14":{"start":{"line":26,"column":10},"end":{"line":26,"column":79}},"15":{"start":{"line":29,"column":19},"end":{"line":29,"column":27}},"16":{"start":{"line":31,"column":8},"end":{"line":41,"column":9}},"17":{"start":{"line":32,"column":10},"end":{"line":40,"column":null}},"18":{"start":{"line":43,"column":8},"end":{"line":51,"column":null}},"19":{"start":{"line":56,"column":4},"end":{"line":56,"column":null}},"20":{"start":{"line":58,"column":4},"end":{"line":58,"column":null}},"21":{"start":{"line":60,"column":4},"end":{"line":60,"column":null}},"22":{"start":{"line":61,"column":4},"end":{"line":61,"column":null}},"23":{"start":{"line":12,"column":13},"end":{"line":12,"column":29}}},"fnMap":{"0":{"name":"(anonymous_0)","decl":{"start":{"line":12,"column":29},"end":{"line":12,"column":34}},"loc":{"start":{"line":14,"column":27},"end":{"line":63,"column":1}}},"1":{"name":"(anonymous_1)","decl":{"start":{"line":23,"column":6},"end":{"line":23,"column":7}},"loc":{"start":{"line":23,"column":34},"end":{"line":52,"column":7}}},"2":{"name":"(anonymous_2)","decl":{"start":{"line":24,"column":49},"end":{"line":24,"column":50}},"loc":{"start":{"line":26,"column":10},"end":{"line":26,"column":79}}}},"branchMap":{"0":{"loc":{"start":{"line":31,"column":8},"end":{"line":41,"column":9}},"type":"if","locations":[{"start":{"line":31,"column":8},"end":{"line":41,"column":9}}]}},"s":{"0":0,"1":0,"2":0,"3":0,"4":0,"5":0,"6":0,"7":0,"8":0,"9":0,"10":0,"11":0,"12":0,"13":0,"14":0,"15":0,"16":0,"17":0,"18":0,"19":0,"20":0,"21":0,"22":0,"23":0},"f":{"0":0,"1":0,"2":0},"b":{"0":[0]}}
,"I:\\Softek\\backend-node-aws\\src\\infraestructure\\api\\swapiService.ts": {"path":"I:\\Softek\\backend-node-aws\\src\\infraestructure\\api\\swapiService.ts","statementMap":{"0":{"start":{"line":1,"column":0},"end":{"line":1,"column":25}},"1":{"start":{"line":3,"column":23},"end":{"line":3,"column":49}},"2":{"start":{"line":5,"column":34},"end":{"line":13,"column":1}},"3":{"start":{"line":6,"column":2},"end":{"line":12,"column":3}},"4":{"start":{"line":7,"column":21},"end":{"line":7,"column":64}},"5":{"start":{"line":8,"column":4},"end":{"line":8,"column":null}},"6":{"start":{"line":10,"column":4},"end":{"line":10,"column":null}},"7":{"start":{"line":11,"column":4},"end":{"line":11,"column":null}},"8":{"start":{"line":5,"column":13},"end":{"line":5,"column":34}},"9":{"start":{"line":15,"column":41},"end":{"line":29,"column":1}},"10":{"start":{"line":16,"column":2},"end":{"line":28,"column":3}},"11":{"start":{"line":17,"column":21},"end":{"line":17,"column":64}},"12":{"start":{"line":18,"column":18},"end":{"line":18,"column":39}},"13":{"start":{"line":20,"column":23},"end":{"line":21,"column":null}},"14":{"start":{"line":21,"column":6},"end":{"line":21,"column":60}},"15":{"start":{"line":23,"column":4},"end":{"line":23,"column":null}},"16":{"start":{"line":24,"column":4},"end":{"line":24,"column":null}},"17":{"start":{"line":26,"column":4},"end":{"line":26,"column":null}},"18":{"start":{"line":27,"column":4},"end":{"line":27,"column":null}},"19":{"start":{"line":15,"column":13},"end":{"line":15,"column":41}}},"fnMap":{"0":{"name":"(anonymous_1)","decl":{"start":{"line":5,"column":34},"end":{"line":5,"column":39}},"loc":{"start":{"line":5,"column":45},"end":{"line":13,"column":1}}},"1":{"name":"(anonymous_2)","decl":{"start":{"line":15,"column":41},"end":{"line":15,"column":46}},"loc":{"start":{"line":15,"column":65},"end":{"line":29,"column":1}}},"2":{"name":"(anonymous_3)","decl":{"start":{"line":20,"column":36},"end":{"line":20,"column":37}},"loc":{"start":{"line":21,"column":6},"end":{"line":21,"column":60}}}},"branchMap":{"0":{"loc":{"start":{"line":24,"column":11},"end":{"line":24,"column":50}},"type":"cond-expr","locations":[{"start":{"line":24,"column":35},"end":{"line":24,"column":45}},{"start":{"line":24,"column":48},"end":{"line":24,"column":50}}]}},"s":{"0":1,"1":1,"2":1,"3":0,"4":0,"5":0,"6":0,"7":0,"8":1,"9":1,"10":2,"11":2,"12":2,"13":2,"14":3,"15":2,"16":2,"17":0,"18":0,"19":1},"f":{"0":0,"1":2,"2":3},"b":{"0":[1,1]}}
,"I:\\Softek\\backend-node-aws\\src\\infraestructure\\api\\tmdbService.ts": {"path":"I:\\Softek\\backend-node-aws\\src\\infraestructure\\api\\tmdbService.ts","statementMap":{"0":{"start":{"line":1,"column":0},"end":{"line":1,"column":25}},"1":{"start":{"line":3,"column":22},"end":{"line":3,"column":47}},"2":{"start":{"line":4,"column":21},"end":{"line":4,"column":45}},"3":{"start":{"line":6,"column":41},"end":{"line":22,"column":1}},"4":{"start":{"line":7,"column":2},"end":{"line":21,"column":3}},"5":{"start":{"line":8,"column":21},"end":{"line":14,"column":null}},"6":{"start":{"line":17,"column":4},"end":{"line":17,"column":null}},"7":{"start":{"line":19,"column":4},"end":{"line":19,"column":null}},"8":{"start":{"line":20,"column":4},"end":{"line":20,"column":null}},"9":{"start":{"line":6,"column":13},"end":{"line":6,"column":41}}},"fnMap":{"0":{"name":"(anonymous_1)","decl":{"start":{"line":6,"column":41},"end":{"line":6,"column":46}},"loc":{"start":{"line":6,"column":52},"end":{"line":22,"column":1}}}},"branchMap":{},"s":{"0":1,"1":1,"2":1,"3":1,"4":2,"5":2,"6":1,"7":1,"8":1,"9":1},"f":{"0":2},"b":{}}
,"I:\\Softek\\backend-node-aws\\src\\infraestructure\\repositories\\filmsRepository.ts": {"path":"I:\\Softek\\backend-node-aws\\src\\infraestructure\\repositories\\filmsRepository.ts","statementMap":{"0":{"start":{"line":1,"column":0},"end":{"line":1,"column":34}},"1":{"start":{"line":5,"column":17},"end":{"line":5,"column":46}},"2":{"start":{"line":6,"column":19},"end":{"line":6,"column":58}},"3":{"start":{"line":8,"column":30},"end":{"line":44,"column":2}},"4":{"start":{"line":8,"column":54},"end":{"line":44,"column":2}},"5":{"start":{"line":15,"column":19},"end":{"line":18,"column":null}},"6":{"start":{"line":20,"column":4},"end":{"line":40,"column":5}},"7":{"start":{"line":21,"column":21},"end":{"line":24,"column":null}},"8":{"start":{"line":26,"column":6},"end":{"line":39,"column":7}},"9":{"start":{"line":27,"column":8},"end":{"line":27,"column":null}},"10":{"start":{"line":28,"column":8},"end":{"line":28,"column":null}},"11":{"start":{"line":30,"column":8},"end":{"line":30,"column":null}},"12":{"start":{"line":31,"column":8},"end":{"line":38,"column":null}},"13":{"start":{"line":42,"column":4},"end":{"line":42,"column":null}},"14":{"start":{"line":8,"column":13},"end":{"line":8,"column":30}}},"fnMap":{"0":{"name":"(anonymous_0)","decl":{"start":{"line":8,"column":30},"end":{"line":8,"column":50}},"loc":{"start":{"line":8,"column":54},"end":{"line":44,"column":2}}},"1":{"name":"(anonymous_1)","decl":{"start":{"line":9,"column":15},"end":{"line":9,"column":20}},"loc":{"start":{"line":14,"column":7},"end":{"line":43,"column":3}}}},"branchMap":{"0":{"loc":{"start":{"line":6,"column":19},"end":{"line":6,"column":58}},"type":"binary-expr","locations":[{"start":{"line":6,"column":19},"end":{"line":6,"column":47}},{"start":{"line":6,"column":51},"end":{"line":6,"column":58}}]},"1":{"loc":{"start":{"line":35,"column":14},"end":{"line":36,"column":65}},"type":"binary-expr","locations":[{"start":{"line":35,"column":14},"end":{"line":35,"column":27}},{"start":{"line":36,"column":14},"end":{"line":36,"column":65}}]}},"s":{"0":0,"1":0,"2":0,"3":0,"4":0,"5":0,"6":0,"7":0,"8":0,"9":0,"10":0,"11":0,"12":0,"13":0,"14":0},"f":{"0":0,"1":0},"b":{"0":[0,0],"1":[0,0]}}
}
